build/app/intermediates/manifest_merge_blame_file/release/manifest-merger-blame-release-report.txt
1<?xml version="1.0" encoding="utf-8"?>
2<manifest xmlns:android="http://schemas.android.com/apk/res/android"
3    package="com.nextccgmedia.flue"
4    android:versionCode="46"
5    android:versionName="1.3.0" >
6
7    <uses-sdk
8        android:minSdkVersion="25"
8-->src\main\AndroidManifest.xml
9        android:targetSdkVersion="35" />
9-->src\main\AndroidManifest.xml
10
11    <!-- Menambahkan izin akses internet -->
12    <uses-permission android:name="android.permission.INTERNET" />
12-->src\main\AndroidManifest.xml:5:5-67
12-->src\main\AndroidManifest.xml:5:22-64
13    <uses-permission android:name="com.android.vending.BILLING" />
13-->src\main\AndroidManifest.xml:7:5-67
13-->src\main\AndroidManifest.xml:7:22-64
14    <uses-permission android:name="android.permission.READ_MEDIA_IMAGES" />
14-->src\main\AndroidManifest.xml:9:2-73
14-->src\main\AndroidManifest.xml:9:19-70
15    <uses-permission android:name="android.permission.READ_MEDIA_AUDIO" />
15-->src\main\AndroidManifest.xml:10:5-75
15-->src\main\AndroidManifest.xml:10:22-72
16    <uses-permission android:name="android.permission.READ_MEDIA_VIDEO" />
16-->src\main\AndroidManifest.xml:11:5-75
16-->src\main\AndroidManifest.xml:11:22-72
17    <uses-permission
17-->src\main\AndroidManifest.xml:13:5-15:38
18        android:name="android.permission.READ_EXTERNAL_STORAGE"
18-->src\main\AndroidManifest.xml:14:9-64
19        android:maxSdkVersion="32" />
19-->src\main\AndroidManifest.xml:15:9-35
20    <uses-permission
20-->src\main\AndroidManifest.xml:17:5-19:38
21        android:name="android.permission.WRITE_EXTERNAL_STORAGE"
21-->src\main\AndroidManifest.xml:18:9-65
22        android:maxSdkVersion="29" />
22-->src\main\AndroidManifest.xml:19:9-35
23    <uses-permission android:name="android.permission.WAKE_LOCK" />
23-->src\main\AndroidManifest.xml:21:5-67
23-->src\main\AndroidManifest.xml:21:22-65
24    <uses-permission android:name="android.permission.FOREGROUND_SERVICE" />
24-->src\main\AndroidManifest.xml:22:5-76
24-->src\main\AndroidManifest.xml:22:22-74
25    <uses-permission android:name="android.permission.FOREGROUND_SERVICE_MEDIA_PLAYBACK" />
25-->src\main\AndroidManifest.xml:23:5-91
25-->src\main\AndroidManifest.xml:23:22-89
26    <uses-permission android:name="android.permission.ACCESS_NETWORK_STATE" />
26-->src\main\AndroidManifest.xml:26:5-79
26-->src\main\AndroidManifest.xml:26:22-76
27    <uses-permission android:name="com.google.android.gms.permission.AD_ID" />
27-->src\main\AndroidManifest.xml:27:5-78
27-->src\main\AndroidManifest.xml:27:22-76
28    <!-- Permissions options for the `notification` group -->
29    <uses-permission android:name="android.permission.POST_NOTIFICATIONS" />
29-->[:firebase_messaging] AndroidManifest.xml:13:5-77
29-->[:firebase_messaging] AndroidManifest.xml:13:22-74
30    <uses-permission android:name="android.permission.SYSTEM_ALERT_WINDOW" />
30-->[:flutter_overlay_window] AndroidManifest.xml:11:5-78
30-->[:flutter_overlay_window] AndroidManifest.xml:11:22-75
31
32    <queries>
32-->[:flutter_inappwebview] AndroidManifest.xml:9:5-13:15
33        <intent>
33-->[:flutter_inappwebview] AndroidManifest.xml:10:9-12:18
34            <action android:name="android.support.customtabs.action.CustomTabsService" />
34-->[:flutter_inappwebview] AndroidManifest.xml:11:13-90
34-->[:flutter_inappwebview] AndroidManifest.xml:11:21-87
35        </intent>
36        <intent>
36-->[:flutter_downloader] AndroidManifest.xml:11:9-13:18
37            <action android:name="android.intent.action.VIEW" />
37-->[:flutter_downloader] AndroidManifest.xml:12:13-65
37-->[:flutter_downloader] AndroidManifest.xml:12:21-62
38        </intent>
39        <intent>
39-->[androidx.media2:media2-session:1.2.1] AndroidManifest.xml:25:9-27:18
40            <action android:name="android.media.browse.MediaBrowserService" />
40-->src\main\AndroidManifest.xml:64:17-83
40-->src\main\AndroidManifest.xml:64:25-80
41        </intent>
42        <intent>
42-->[androidx.media2:media2-session:1.2.1] AndroidManifest.xml:28:9-30:18
43            <action android:name="androidx.media2.session.MediaSessionService" />
43-->[androidx.media2:media2-session:1.2.1] AndroidManifest.xml:29:13-82
43-->[androidx.media2:media2-session:1.2.1] AndroidManifest.xml:29:21-79
44        </intent>
45        <intent>
45-->[androidx.media2:media2-session:1.2.1] AndroidManifest.xml:31:9-33:18
46            <action android:name="androidx.media2.session.MediaLibraryService" />
46-->[androidx.media2:media2-session:1.2.1] AndroidManifest.xml:32:13-82
46-->[androidx.media2:media2-session:1.2.1] AndroidManifest.xml:32:21-79
47        </intent> <!-- For browser content -->
48        <intent>
48-->[com.google.android.gms:play-services-ads-lite:22.5.0] AndroidManifest.xml:38:9-44:18
49            <action android:name="android.intent.action.VIEW" />
49-->[:flutter_downloader] AndroidManifest.xml:12:13-65
49-->[:flutter_downloader] AndroidManifest.xml:12:21-62
50
51            <category android:name="android.intent.category.BROWSABLE" />
51-->[com.google.firebase:firebase-auth:22.3.0] AndroidManifest.xml:39:17-78
51-->[com.google.firebase:firebase-auth:22.3.0] AndroidManifest.xml:39:27-75
52
53            <data android:scheme="https" />
53-->[com.google.firebase:firebase-auth:22.3.0] AndroidManifest.xml:41:17-44:51
53-->[com.google.firebase:firebase-auth:22.3.0] AndroidManifest.xml:44:21-48
54        </intent>
55        <intent>
55-->[com.android.billingclient:billing:6.1.0] AndroidManifest.xml:13:9-15:18
56            <action android:name="com.android.vending.billing.InAppBillingService.BIND" />
56-->[com.android.billingclient:billing:6.1.0] AndroidManifest.xml:14:13-91
56-->[com.android.billingclient:billing:6.1.0] AndroidManifest.xml:14:21-88
57        </intent>
58    </queries> <!-- Required by older versions of Google Play services to create IID tokens -->
59    <uses-permission android:name="com.google.android.c2dm.permission.RECEIVE" />
59-->[com.google.firebase:firebase-iid:21.1.0] AndroidManifest.xml:26:5-82
59-->[com.google.firebase:firebase-iid:21.1.0] AndroidManifest.xml:26:22-79
60    <uses-permission android:name="android.permission.ACCESS_ADSERVICES_ATTRIBUTION" />
60-->[com.google.android.gms:play-services-measurement-api:21.5.0] AndroidManifest.xml:26:5-88
60-->[com.google.android.gms:play-services-measurement-api:21.5.0] AndroidManifest.xml:26:22-85
61    <uses-permission android:name="android.permission.ACCESS_ADSERVICES_AD_ID" />
61-->[com.google.android.gms:play-services-measurement-api:21.5.0] AndroidManifest.xml:27:5-82
61-->[com.google.android.gms:play-services-measurement-api:21.5.0] AndroidManifest.xml:27:22-79
62    <uses-permission android:name="android.permission.ACCESS_ADSERVICES_TOPICS" />
62-->[com.google.android.gms:play-services-ads-lite:22.5.0] AndroidManifest.xml:29:5-83
62-->[com.google.android.gms:play-services-ads-lite:22.5.0] AndroidManifest.xml:29:22-80
63    <uses-permission android:name="com.google.android.finsky.permission.BIND_GET_INSTALL_REFERRER_SERVICE" />
63-->[com.google.android.gms:play-services-measurement:21.5.0] AndroidManifest.xml:26:5-110
63-->[com.google.android.gms:play-services-measurement:21.5.0] AndroidManifest.xml:26:22-107
64
65    <permission
65-->[androidx.core:core:1.10.1] AndroidManifest.xml:22:5-24:47
66        android:name="com.nextccgmedia.flue.DYNAMIC_RECEIVER_NOT_EXPORTED_PERMISSION"
66-->[androidx.core:core:1.10.1] AndroidManifest.xml:23:9-81
67        android:protectionLevel="signature" />
67-->[androidx.core:core:1.10.1] AndroidManifest.xml:24:9-44
68
69    <uses-permission android:name="com.nextccgmedia.flue.DYNAMIC_RECEIVER_NOT_EXPORTED_PERMISSION" />
69-->[androidx.core:core:1.10.1] AndroidManifest.xml:26:5-97
69-->[androidx.core:core:1.10.1] AndroidManifest.xml:26:22-94
70
71    <application
72        android:name="android.app.Application"
72-->src\main\AndroidManifest.xml:34:9-42
73        android:appComponentFactory="androidx.core.app.CoreComponentFactory"
73-->[androidx.core:core:1.10.1] AndroidManifest.xml:28:18-86
74        android:extractNativeLibs="false"
75        android:icon="@mipmap/ic_launcher"
75-->src\main\AndroidManifest.xml:36:9-43
76        android:label="Flue"
76-->src\main\AndroidManifest.xml:33:9-29
77        android:requestLegacyExternalStorage="true" >
77-->src\main\AndroidManifest.xml:35:9-52
78        <activity
78-->src\main\AndroidManifest.xml:37:9-56:20
79            android:name="com.ryanheise.audioservice.AudioServiceActivity"
79-->src\main\AndroidManifest.xml:37:19-81
80            android:configChanges="orientation|keyboardHidden|keyboard|screenSize|smallestScreenSize|locale|layoutDirection|fontScale|screenLayout|density|uiMode"
80-->src\main\AndroidManifest.xml:41:13-163
81            android:exported="true"
81-->src\main\AndroidManifest.xml:38:13-36
82            android:hardwareAccelerated="true"
82-->src\main\AndroidManifest.xml:42:13-47
83            android:launchMode="singleTop"
83-->src\main\AndroidManifest.xml:39:13-43
84            android:supportsPictureInPicture="true"
84-->src\main\AndroidManifest.xml:43:13-52
85            android:theme="@style/LaunchTheme"
85-->src\main\AndroidManifest.xml:40:13-47
86            android:windowSoftInputMode="adjustResize" >
86-->src\main\AndroidManifest.xml:44:13-55
87
88            <!--
89                 Specifies an Android theme to apply to this Activity as soon as
90                 the Android process has started. This theme is visible to the user
91                 while the Flutter UI initializes. After that, this theme continues
92                 to determine the Window background behind the Flutter UI.
93            -->
94
95            <intent-filter>
95-->src\main\AndroidManifest.xml:52:21-55:29
96                <action android:name="android.intent.action.MAIN" />
96-->src\main\AndroidManifest.xml:53:17-68
96-->src\main\AndroidManifest.xml:53:25-66
97
98                <category android:name="android.intent.category.LAUNCHER" />
98-->src\main\AndroidManifest.xml:54:17-76
98-->src\main\AndroidManifest.xml:54:27-74
99            </intent-filter>
100        </activity>
101
102        <service
102-->src\main\AndroidManifest.xml:59:9-66:19
103            android:name="com.ryanheise.audioservice.AudioService"
103-->src\main\AndroidManifest.xml:60:13-67
104            android:exported="true"
104-->src\main\AndroidManifest.xml:62:13-36
105            android:foregroundServiceType="mediaPlayback" >
105-->src\main\AndroidManifest.xml:61:13-58
106            <intent-filter>
106-->src\main\AndroidManifest.xml:63:13-65:29
107                <action android:name="android.media.browse.MediaBrowserService" />
107-->src\main\AndroidManifest.xml:64:17-83
107-->src\main\AndroidManifest.xml:64:25-80
108            </intent-filter>
109        </service>
110
111        <receiver
111-->src\main\AndroidManifest.xml:68:9-74:20
112            android:name="com.ryanheise.audioservice.MediaButtonReceiver"
112-->src\main\AndroidManifest.xml:69:13-74
113            android:exported="true" >
113-->src\main\AndroidManifest.xml:70:13-36
114            <intent-filter>
114-->src\main\AndroidManifest.xml:71:13-73:29
115                <action android:name="android.intent.action.MEDIA_BUTTON" />
115-->src\main\AndroidManifest.xml:72:17-77
115-->src\main\AndroidManifest.xml:72:25-74
116            </intent-filter>
117        </receiver>
118
119        <provider
120            android:name="vn.hunghd.flutterdownloader.DownloadedFileProvider"
120-->src\main\AndroidManifest.xml:79:5-70
121            android:authorities="com.nextccgmedia.flue.flutter_downloader.provider"
121-->src\main\AndroidManifest.xml:80:5-71
122            android:exported="false"
122-->src\main\AndroidManifest.xml:81:5-29
123            android:grantUriPermissions="true" >
123-->src\main\AndroidManifest.xml:82:5-39
124            <meta-data
124-->src\main\AndroidManifest.xml:83:5-85:49
125                android:name="android.support.FILE_PROVIDER_PATHS"
125-->src\main\AndroidManifest.xml:84:9-59
126                android:resource="@xml/provider_paths" />
126-->src\main\AndroidManifest.xml:85:9-47
127            <meta-data
127-->src\main\AndroidManifest.xml:86:9-88:54
128                android:name="com.google.firebase.messaging.default_notification_icon"
128-->src\main\AndroidManifest.xml:87:7-77
129                android:resource="@drawable/ic_notification" />
129-->src\main\AndroidManifest.xml:88:7-51
130        </provider>
131
132        <!--
133             Don't delete the meta-data below.
134             This is used by the Flutter tool to generate GeneratedPluginRegistrant.java
135        -->
136        <meta-data
136-->src\main\AndroidManifest.xml:93:9-95:33
137            android:name="flutterEmbedding"
137-->src\main\AndroidManifest.xml:94:13-44
138            android:value="2" />
138-->src\main\AndroidManifest.xml:95:13-30
139        <meta-data
139-->src\main\AndroidManifest.xml:96:9-98:65
140            android:name="com.google.android.gms.ads.APPLICATION_ID"
140-->src\main\AndroidManifest.xml:97:9-65
141            android:value="ca-app-pub-1587740600496860~3520427705" />
141-->src\main\AndroidManifest.xml:98:9-63
142        <meta-data
142-->src\main\AndroidManifest.xml:99:9-101:51
143            android:name="com.android.vending.billing.InAppBillingService.BIND"
143-->src\main\AndroidManifest.xml:100:13-80
144            android:value="com.android.vending" />
144-->src\main\AndroidManifest.xml:101:13-48
145
146        <service
146-->[:firebase_messaging] AndroidManifest.xml:16:9-19:72
147            android:name="io.flutter.plugins.firebase.messaging.FlutterFirebaseMessagingBackgroundService"
147-->[:firebase_messaging] AndroidManifest.xml:17:13-107
148            android:exported="false"
148-->[:firebase_messaging] AndroidManifest.xml:18:13-37
149            android:permission="android.permission.BIND_JOB_SERVICE" />
149-->[:firebase_messaging] AndroidManifest.xml:19:13-69
150        <service
150-->[:firebase_messaging] AndroidManifest.xml:20:9-26:19
151            android:name="io.flutter.plugins.firebase.messaging.FlutterFirebaseMessagingService"
151-->[:firebase_messaging] AndroidManifest.xml:21:13-97
152            android:exported="false" >
152-->[:firebase_messaging] AndroidManifest.xml:22:13-37
153            <intent-filter>
153-->[:firebase_messaging] AndroidManifest.xml:23:13-25:29
154                <action android:name="com.google.firebase.MESSAGING_EVENT" />
154-->[:firebase_messaging] AndroidManifest.xml:24:17-78
154-->[:firebase_messaging] AndroidManifest.xml:24:25-75
155            </intent-filter>
156        </service>
157
158        <receiver
158-->[:firebase_messaging] AndroidManifest.xml:28:9-35:20
159            android:name="io.flutter.plugins.firebase.messaging.FlutterFirebaseMessagingReceiver"
159-->[:firebase_messaging] AndroidManifest.xml:29:13-98
160            android:exported="true"
160-->[:firebase_messaging] AndroidManifest.xml:30:13-36
161            android:permission="com.google.android.c2dm.permission.SEND" >
161-->[:firebase_messaging] AndroidManifest.xml:31:13-73
162            <intent-filter>
162-->[:firebase_messaging] AndroidManifest.xml:32:13-34:29
163                <action android:name="com.google.android.c2dm.intent.RECEIVE" />
163-->[:firebase_messaging] AndroidManifest.xml:33:17-81
163-->[:firebase_messaging] AndroidManifest.xml:33:25-78
164            </intent-filter>
165        </receiver>
166
167        <service
167-->[:firebase_messaging] AndroidManifest.xml:37:9-41:19
168            android:name="com.google.firebase.components.ComponentDiscoveryService"
168-->[:firebase_messaging] AndroidManifest.xml:37:18-89
169            android:directBootAware="true"
169-->[com.google.firebase:firebase-common:20.4.2] AndroidManifest.xml:32:13-43
170            android:exported="false" >
170-->[com.google.firebase:firebase-iid:21.1.0] AndroidManifest.xml:31:13-37
171            <meta-data
171-->[:firebase_messaging] AndroidManifest.xml:38:13-40:85
172                android:name="com.google.firebase.components:io.flutter.plugins.firebase.messaging.FlutterFirebaseAppRegistrar"
172-->[:firebase_messaging] AndroidManifest.xml:39:17-128
173                android:value="com.google.firebase.components.ComponentRegistrar" />
173-->[:firebase_messaging] AndroidManifest.xml:40:17-82
174            <meta-data
174-->[:firebase_auth] AndroidManifest.xml:11:13-13:85
175                android:name="com.google.firebase.components:io.flutter.plugins.firebase.auth.FlutterFirebaseAuthRegistrar"
175-->[:firebase_auth] AndroidManifest.xml:12:17-124
176                android:value="com.google.firebase.components.ComponentRegistrar" />
176-->[:firebase_auth] AndroidManifest.xml:13:17-82
177            <meta-data
177-->[:firebase_core] AndroidManifest.xml:11:13-13:85
178                android:name="com.google.firebase.components:io.flutter.plugins.firebase.core.FlutterFirebaseCoreRegistrar"
178-->[:firebase_core] AndroidManifest.xml:12:17-124
179                android:value="com.google.firebase.components.ComponentRegistrar" />
179-->[:firebase_core] AndroidManifest.xml:13:17-82
180            <meta-data
180-->[com.google.firebase:firebase-iid:21.1.0] AndroidManifest.xml:32:13-34:85
181                android:name="com.google.firebase.components:com.google.firebase.iid.Registrar"
181-->[com.google.firebase:firebase-iid:21.1.0] AndroidManifest.xml:33:17-96
182                android:value="com.google.firebase.components.ComponentRegistrar" />
182-->[com.google.firebase:firebase-iid:21.1.0] AndroidManifest.xml:34:17-82
183            <meta-data
183-->[com.google.firebase:firebase-messaging:23.4.0] AndroidManifest.xml:57:13-59:85
184                android:name="com.google.firebase.components:com.google.firebase.messaging.FirebaseMessagingKtxRegistrar"
184-->[com.google.firebase:firebase-messaging:23.4.0] AndroidManifest.xml:58:17-122
185                android:value="com.google.firebase.components.ComponentRegistrar" />
185-->[com.google.firebase:firebase-messaging:23.4.0] AndroidManifest.xml:59:17-82
186            <meta-data
186-->[com.google.firebase:firebase-messaging:23.4.0] AndroidManifest.xml:60:13-62:85
187                android:name="com.google.firebase.components:com.google.firebase.messaging.FirebaseMessagingRegistrar"
187-->[com.google.firebase:firebase-messaging:23.4.0] AndroidManifest.xml:61:17-119
188                android:value="com.google.firebase.components.ComponentRegistrar" />
188-->[com.google.firebase:firebase-messaging:23.4.0] AndroidManifest.xml:62:17-82
189            <meta-data
189-->[com.google.firebase:firebase-auth:22.3.0] AndroidManifest.xml:69:13-71:85
190                android:name="com.google.firebase.components:com.google.firebase.auth.FirebaseAuthRegistrar"
190-->[com.google.firebase:firebase-auth:22.3.0] AndroidManifest.xml:70:17-109
191                android:value="com.google.firebase.components.ComponentRegistrar" />
191-->[com.google.firebase:firebase-auth:22.3.0] AndroidManifest.xml:71:17-82
192            <meta-data
192-->[com.google.android.gms:play-services-measurement-api:21.5.0] AndroidManifest.xml:37:13-39:85
193                android:name="com.google.firebase.components:com.google.firebase.analytics.connector.internal.AnalyticsConnectorRegistrar"
193-->[com.google.android.gms:play-services-measurement-api:21.5.0] AndroidManifest.xml:38:17-139
194                android:value="com.google.firebase.components.ComponentRegistrar" />
194-->[com.google.android.gms:play-services-measurement-api:21.5.0] AndroidManifest.xml:39:17-82
195            <meta-data
195-->[com.google.firebase:firebase-installations:17.2.0] AndroidManifest.xml:15:13-17:85
196                android:name="com.google.firebase.components:com.google.firebase.installations.FirebaseInstallationsKtxRegistrar"
196-->[com.google.firebase:firebase-installations:17.2.0] AndroidManifest.xml:16:17-130
197                android:value="com.google.firebase.components.ComponentRegistrar" />
197-->[com.google.firebase:firebase-installations:17.2.0] AndroidManifest.xml:17:17-82
198            <meta-data
198-->[com.google.firebase:firebase-installations:17.2.0] AndroidManifest.xml:18:13-20:85
199                android:name="com.google.firebase.components:com.google.firebase.installations.FirebaseInstallationsRegistrar"
199-->[com.google.firebase:firebase-installations:17.2.0] AndroidManifest.xml:19:17-127
200                android:value="com.google.firebase.components.ComponentRegistrar" />
200-->[com.google.firebase:firebase-installations:17.2.0] AndroidManifest.xml:20:17-82
201            <meta-data
201-->[com.google.firebase:firebase-common-ktx:20.4.2] AndroidManifest.xml:12:13-14:85
202                android:name="com.google.firebase.components:com.google.firebase.ktx.FirebaseCommonLegacyRegistrar"
202-->[com.google.firebase:firebase-common-ktx:20.4.2] AndroidManifest.xml:13:17-116
203                android:value="com.google.firebase.components.ComponentRegistrar" />
203-->[com.google.firebase:firebase-common-ktx:20.4.2] AndroidManifest.xml:14:17-82
204            <meta-data
204-->[com.google.firebase:firebase-common:20.4.2] AndroidManifest.xml:35:13-37:85
205                android:name="com.google.firebase.components:com.google.firebase.FirebaseCommonKtxRegistrar"
205-->[com.google.firebase:firebase-common:20.4.2] AndroidManifest.xml:36:17-109
206                android:value="com.google.firebase.components.ComponentRegistrar" />
206-->[com.google.firebase:firebase-common:20.4.2] AndroidManifest.xml:37:17-82
207            <meta-data
207-->[com.google.firebase:firebase-datatransport:18.1.7] AndroidManifest.xml:27:13-29:85
208                android:name="com.google.firebase.components:com.google.firebase.datatransport.TransportRegistrar"
208-->[com.google.firebase:firebase-datatransport:18.1.7] AndroidManifest.xml:28:17-115
209                android:value="com.google.firebase.components.ComponentRegistrar" />
209-->[com.google.firebase:firebase-datatransport:18.1.7] AndroidManifest.xml:29:17-82
210        </service>
211
212        <provider
212-->[:firebase_messaging] AndroidManifest.xml:43:9-47:38
213            android:name="io.flutter.plugins.firebase.messaging.FlutterFirebaseMessagingInitProvider"
213-->[:firebase_messaging] AndroidManifest.xml:44:13-102
214            android:authorities="com.nextccgmedia.flue.flutterfirebasemessaginginitprovider"
214-->[:firebase_messaging] AndroidManifest.xml:45:13-88
215            android:exported="false"
215-->[:firebase_messaging] AndroidManifest.xml:46:13-37
216            android:initOrder="99" />
216-->[:firebase_messaging] AndroidManifest.xml:47:13-35
217
218        <activity
218-->[:flutter_inappwebview] AndroidManifest.xml:16:9-20:47
219            android:name="com.pichillilorenzo.flutter_inappwebview.in_app_browser.InAppBrowserActivity"
219-->[:flutter_inappwebview] AndroidManifest.xml:17:13-104
220            android:configChanges="orientation|keyboardHidden|keyboard|screenSize|locale|layoutDirection|fontScale|screenLayout|density"
220-->[:flutter_inappwebview] AndroidManifest.xml:18:13-137
221            android:exported="false"
221-->[:flutter_inappwebview] AndroidManifest.xml:19:13-37
222            android:theme="@style/AppTheme" />
222-->[:flutter_inappwebview] AndroidManifest.xml:20:13-44
223        <activity
223-->[:flutter_inappwebview] AndroidManifest.xml:21:9-24:55
224            android:name="com.pichillilorenzo.flutter_inappwebview.chrome_custom_tabs.ChromeCustomTabsActivity"
224-->[:flutter_inappwebview] AndroidManifest.xml:22:13-112
225            android:exported="false"
225-->[:flutter_inappwebview] AndroidManifest.xml:23:13-37
226            android:theme="@style/ThemeTransparent" />
226-->[:flutter_inappwebview] AndroidManifest.xml:24:13-52
227        <activity
227-->[:flutter_inappwebview] AndroidManifest.xml:25:9-28:55
228            android:name="com.pichillilorenzo.flutter_inappwebview.chrome_custom_tabs.TrustedWebActivity"
228-->[:flutter_inappwebview] AndroidManifest.xml:26:13-106
229            android:exported="false"
229-->[:flutter_inappwebview] AndroidManifest.xml:27:13-37
230            android:theme="@style/ThemeTransparent" />
230-->[:flutter_inappwebview] AndroidManifest.xml:28:13-52
231        <activity
231-->[:flutter_inappwebview] AndroidManifest.xml:29:9-33:55
232            android:name="com.pichillilorenzo.flutter_inappwebview.chrome_custom_tabs.ChromeCustomTabsActivitySingleInstance"
232-->[:flutter_inappwebview] AndroidManifest.xml:30:13-126
233            android:exported="false"
233-->[:flutter_inappwebview] AndroidManifest.xml:31:13-37
234            android:launchMode="singleInstance"
234-->[:flutter_inappwebview] AndroidManifest.xml:32:13-48
235            android:theme="@style/ThemeTransparent" />
235-->[:flutter_inappwebview] AndroidManifest.xml:33:13-52
236        <activity
236-->[:flutter_inappwebview] AndroidManifest.xml:34:9-38:55
237            android:name="com.pichillilorenzo.flutter_inappwebview.chrome_custom_tabs.TrustedWebActivitySingleInstance"
237-->[:flutter_inappwebview] AndroidManifest.xml:35:13-120
238            android:exported="false"
238-->[:flutter_inappwebview] AndroidManifest.xml:36:13-37
239            android:launchMode="singleInstance"
239-->[:flutter_inappwebview] AndroidManifest.xml:37:13-48
240            android:theme="@style/ThemeTransparent" />
240-->[:flutter_inappwebview] AndroidManifest.xml:38:13-52
241
242        <receiver
242-->[:flutter_inappwebview] AndroidManifest.xml:40:9-43:40
243            android:name="com.pichillilorenzo.flutter_inappwebview.chrome_custom_tabs.ActionBroadcastReceiver"
243-->[:flutter_inappwebview] AndroidManifest.xml:41:13-111
244            android:enabled="true"
244-->[:flutter_inappwebview] AndroidManifest.xml:42:13-35
245            android:exported="false" />
245-->[:flutter_inappwebview] AndroidManifest.xml:43:13-37
246
247        <meta-data
247-->[:flutter_inappwebview] AndroidManifest.xml:45:9-47:36
248            android:name="io.flutter.embedded_views_preview"
248-->[:flutter_inappwebview] AndroidManifest.xml:46:13-61
249            android:value="true" />
249-->[:flutter_inappwebview] AndroidManifest.xml:47:13-33
250
251        <activity
251-->[:url_launcher_android] AndroidManifest.xml:10:9-13:74
252            android:name="io.flutter.plugins.urllauncher.WebViewActivity"
252-->[:url_launcher_android] AndroidManifest.xml:11:13-74
253            android:exported="false"
253-->[:url_launcher_android] AndroidManifest.xml:12:13-37
254            android:theme="@android:style/Theme.NoTitleBar.Fullscreen" />
254-->[:url_launcher_android] AndroidManifest.xml:13:13-71
255
256        <provider
256-->[:open_file] AndroidManifest.xml:11:9-20:20
257            android:name="com.crazecoder.openfile.FileProvider"
257-->[:open_file] AndroidManifest.xml:12:13-64
258            android:authorities="com.nextccgmedia.flue.fileProvider.com.crazecoder.openfile"
258-->[:open_file] AndroidManifest.xml:13:13-88
259            android:exported="false"
259-->[:open_file] AndroidManifest.xml:14:13-37
260            android:grantUriPermissions="true" >
260-->[:open_file] AndroidManifest.xml:15:13-47
261            <meta-data
261-->src\main\AndroidManifest.xml:83:5-85:49
262                android:name="android.support.FILE_PROVIDER_PATHS"
262-->src\main\AndroidManifest.xml:84:9-59
263                android:resource="@xml/filepaths" />
263-->src\main\AndroidManifest.xml:85:9-47
264        </provider>
265
266        <receiver
266-->[com.google.firebase:firebase-messaging:23.4.0] AndroidManifest.xml:29:9-40:20
267            android:name="com.google.firebase.iid.FirebaseInstanceIdReceiver"
267-->[com.google.firebase:firebase-messaging:23.4.0] AndroidManifest.xml:30:13-78
268            android:exported="true"
268-->[com.google.firebase:firebase-messaging:23.4.0] AndroidManifest.xml:31:13-36
269            android:permission="com.google.android.c2dm.permission.SEND" >
269-->[com.google.firebase:firebase-messaging:23.4.0] AndroidManifest.xml:32:13-73
270            <intent-filter>
270-->[:firebase_messaging] AndroidManifest.xml:32:13-34:29
271                <action android:name="com.google.android.c2dm.intent.RECEIVE" />
271-->[:firebase_messaging] AndroidManifest.xml:33:17-81
271-->[:firebase_messaging] AndroidManifest.xml:33:25-78
272            </intent-filter>
273
274            <meta-data
274-->[com.google.firebase:firebase-messaging:23.4.0] AndroidManifest.xml:37:13-39:40
275                android:name="com.google.android.gms.cloudmessaging.FINISHED_AFTER_HANDLED"
275-->[com.google.firebase:firebase-messaging:23.4.0] AndroidManifest.xml:38:17-92
276                android:value="true" />
276-->[com.google.firebase:firebase-messaging:23.4.0] AndroidManifest.xml:39:17-37
277        </receiver>
278        <!--
279             FirebaseMessagingService performs security checks at runtime,
280             but set to not exported to explicitly avoid allowing another app to call it.
281        -->
282        <service
282-->[com.google.firebase:firebase-messaging:23.4.0] AndroidManifest.xml:46:9-53:19
283            android:name="com.google.firebase.messaging.FirebaseMessagingService"
283-->[com.google.firebase:firebase-messaging:23.4.0] AndroidManifest.xml:47:13-82
284            android:directBootAware="true"
284-->[com.google.firebase:firebase-messaging:23.4.0] AndroidManifest.xml:48:13-43
285            android:exported="false" >
285-->[com.google.firebase:firebase-messaging:23.4.0] AndroidManifest.xml:49:13-37
286            <intent-filter android:priority="-500" >
286-->[:firebase_messaging] AndroidManifest.xml:23:13-25:29
287                <action android:name="com.google.firebase.MESSAGING_EVENT" />
287-->[:firebase_messaging] AndroidManifest.xml:24:17-78
287-->[:firebase_messaging] AndroidManifest.xml:24:25-75
288            </intent-filter>
289        </service>
290
291        <activity